*** Fatal Error ***
Address not mapped to object (signal 11)
Address: (nil)

System: Linux prophessor-Home 4.10.0-40-generic #44~16.04.1-Ubuntu SMP Thu Nov 9 15:37:44 UTC 2017 x86_64 x86_64 x86_64 GNU/Linux

GZDoom version g3.2.3 (80273695c6acb3961b9a2d44c748d8106a61ded9)
Compiler version: 7.2.0

Command line: /opt/gzdoom/gzdoom -file .

Wad 0: gzdoom.pk3
Wad 1: zd_extra.pk3
Wad 2: doom2.wad
Wad 3: lights.pk3
Wad 4: brightmaps.pk3
Wad 5: 

Current map: INTRO

viewx = 1120.000000
viewy = 480.000000
viewz = 32.000000
viewangle = 90.000000

Executing: gdb --quiet --batch --command=gdb-respfile-rY9T77
[New LWP 5172]
[New LWP 5173]
[New LWP 5177]
[New LWP 5180]
[New LWP 5181]
[New LWP 5182]
[Thread debugging using libthread_db enabled]
Using host libthread_db library "/lib/x86_64-linux-gnu/libthread_db.so.1".
0x00007f6540658f7b in __waitpid (pid=5191, stat_loc=0x10831f4, options=0) at ../sysdeps/unix/sysv/linux/waitpid.c:29

* Loaded Libraries
From                To                  Syms Read   Shared Object Library
0x00007f654087e110  0x00007f65409342e0  Yes (*)     /usr/lib/x86_64-linux-gnu/libSDL2-2.0.so.0
0x00007f654064da30  0x00007f654065aa51  Yes         /lib/x86_64-linux-gnu/libpthread.so.0
0x00007f6540442100  0x00007f65404451df  Yes         /lib/x86_64-linux-gnu/librt.so.1
0x00007f6540227db0  0x00007f6540238810  Yes (*)     /lib/x86_64-linux-gnu/libz.so.1
0x00007f65400173c0  0x00007f6540023092  Yes (*)     /lib/x86_64-linux-gnu/libbz2.so.1.0
0x00007f653fe12da0  0x00007f653fe1398e  Yes         /lib/x86_64-linux-gnu/libdl.so.2
0x00007f653fb0e600  0x00007f653fb7fd0a  Yes         /lib/x86_64-linux-gnu/libm.so.6
0x00007f653f8ed1b0  0x00007f653f900ffe  Yes (*)     /usr/lib/x86_64-linux-gnu/libgomp.so.1
0x00007f653f53c8b0  0x00007f653f68fac4  Yes         /lib/x86_64-linux-gnu/libc.so.6
0x00007f6540b78ac0  0x00007f6540b96810  Yes         /lib64/ld-linux-x86-64.so.2
0x00007f653f247aa0  0x00007f653f2d7b02  Yes (*)     /usr/lib/x86_64-linux-gnu/libasound.so.2
0x00007f653efd8b20  0x00007f653f005b59  Yes (*)     /usr/lib/x86_64-linux-gnu/libpulse.so.0
0x00007f653edbfbe0  0x00007f653edc6347  Yes (*)     /usr/lib/x86_64-linux-gnu/libsndio.so.6.1
0x00007f653ea9b870  0x00007f653eb232e4  Yes (*)     /usr/lib/x86_64-linux-gnu/libX11.so.6
0x00007f653e874590  0x00007f653e87e39f  Yes (*)     /usr/lib/x86_64-linux-gnu/libXext.so.6
0x00007f653e6693e0  0x00007f653e66dfd7  Yes (*)     /usr/lib/x86_64-linux-gnu/libXcursor.so.1
0x00007f653e464af0  0x00007f653e4653ec  Yes (*)     /usr/lib/x86_64-linux-gnu/libXinerama.so.1
0x00007f653e2561a0  0x00007f653e2606f7  Yes (*)     /usr/lib/x86_64-linux-gnu/libXi.so.6
0x00007f653e04ac70  0x00007f653e050a82  Yes (*)     /usr/lib/x86_64-linux-gnu/libXrandr.so.2
0x00007f653de45cd0  0x00007f653de46a8c  Yes (*)     /usr/lib/x86_64-linux-gnu/libXss.so.1
0x00007f653dc3ffc0  0x00007f653dc428c8  Yes (*)     /usr/lib/x86_64-linux-gnu/libXxf86vm.so.1
0x00007f653da3d690  0x00007f653da3d87a  Yes (*)     /usr/lib/x86_64-linux-gnu/libwayland-egl.so.1
0x00007f653d833180  0x00007f653d8379ff  Yes (*)     /usr/lib/x86_64-linux-gnu/libwayland-client.so.0
0x00007f653d627200  0x00007f653d628d71  Yes (*)     /usr/lib/x86_64-linux-gnu/libwayland-cursor.so.0
0x00007f653d3eae70  0x00007f653d405895  Yes (*)     /usr/lib/x86_64-linux-gnu/libxkbcommon.so.0
0x00007f653d1de800  0x00007f653d1e3612  Yes (*)     /lib/x86_64-linux-gnu/libjson-c.so.2
0x00007f653cf72e70  0x00007f653cfb5899  Yes (*)     /usr/lib/x86_64-linux-gnu/pulseaudio/libpulsecommon-8.0.so
0x00007f653cd1f460  0x00007f653cd4a1e4  Yes (*)     /lib/x86_64-linux-gnu/libdbus-1.so.3
0x00007f653cb03400  0x00007f653cb1061f  Yes (*)     /lib/x86_64-linux-gnu/libbsd.so.0
0x00007f653c8e76b0  0x00007f653c8f61a5  Yes (*)     /usr/lib/x86_64-linux-gnu/libxcb.so.1
0x00007f653c6d5ad0  0x00007f653c6db9e5  Yes (*)     /usr/lib/x86_64-linux-gnu/libXrender.so.1
0x00007f653c4cf530  0x00007f653c4d1756  Yes (*)     /usr/lib/x86_64-linux-gnu/libXfixes.so.3
0x00007f653c2c77f0  0x00007f653c2cc09c  Yes (*)     /usr/lib/x86_64-linux-gnu/libffi.so.6
0x00007f6540ce8810  0x00007f6540d3fb4f  Yes (*)     /lib/x86_64-linux-gnu/libsystemd.so.0
0x00007f653c0bed70  0x00007f653c0c2798  Yes (*)     /lib/x86_64-linux-gnu/libwrap.so.0
0x00007f653be590d0  0x00007f653be9b54c  Yes (*)     /usr/lib/x86_64-linux-gnu/libsndfile.so.1
0x00007f653bc4e300  0x00007f653bc50988  Yes (*)     /usr/lib/x86_64-linux-gnu/libasyncns.so.0
0x00007f653ba49e50  0x00007f653ba4aacc  Yes (*)     /usr/lib/x86_64-linux-gnu/libXau.so.6
0x00007f653b8441d0  0x00007f653b845b38  Yes (*)     /usr/lib/x86_64-linux-gnu/libXdmcp.so.6
0x00007f653b626ab0  0x00007f653b63929b  Yes (*)     /lib/x86_64-linux-gnu/libselinux.so.1
0x00007f653b4010d0  0x00007f653b41524d  Yes (*)     /lib/x86_64-linux-gnu/liblzma.so.5
0x00007f653b126d00  0x00007f653b1c7548  Yes (*)     /lib/x86_64-linux-gnu/libgcrypt.so.20
0x00007f653af08ff0  0x00007f653af161e1  Yes         /lib/x86_64-linux-gnu/libnsl.so.1
0x00007f653ac98420  0x00007f653acf9cfd  Yes (*)     /usr/lib/x86_64-linux-gnu/libFLAC.so.8
0x00007f653a9faa60  0x00007f653a9fd1a7  Yes (*)     /usr/lib/x86_64-linux-gnu/libvorbisenc.so.2
0x00007f653a7cf950  0x00007f653a7df2b8  Yes         /lib/x86_64-linux-gnu/libresolv.so.2
0x00007f653a55d530  0x00007f653a5ac623  Yes (*)     /lib/x86_64-linux-gnu/libpcre.so.3
0x00007f653a34a8d0  0x00007f653a353db9  Yes (*)     /lib/x86_64-linux-gnu/libgpg-error.so.0
0x00007f653a140a70  0x00007f653a144c05  Yes (*)     /usr/lib/x86_64-linux-gnu/libogg.so.0
0x00007f6539f15da0  0x00007f6539f2c00d  Yes (*)     /usr/lib/x86_64-linux-gnu/libvorbis.so.0
0x00007f6540cb4720  0x00007f6540cc5e9a  Yes (*)     /lib/x86_64-linux-gnu/libudev.so.1
0x00007f6539d0b2d0  0x00007f6539d10bf1  Yes         /lib/x86_64-linux-gnu/libnss_compat.so.2
0x00007f6539b000b0  0x00007f6539b068aa  Yes         /lib/x86_64-linux-gnu/libnss_nis.so.2
0x00007f65398ee1b0  0x00007f65398f42a1  Yes         /lib/x86_64-linux-gnu/libnss_files.so.2
0x00007f65390419b0  0x00007f6539358faa  Yes (*)     /usr/lib/x86_64-linux-gnu/libgtk-3.so.0
0x00007f6538d08810  0x00007f6538d70238  Yes (*)     /usr/lib/x86_64-linux-gnu/libgdk-3.so.0
0x00007f6538adf170  0x00007f6538ae0075  Yes (*)     /usr/lib/x86_64-linux-gnu/libgmodule-2.0.so.0
0x00007f65388d5980  0x00007f65388da746  Yes (*)     /usr/lib/x86_64-linux-gnu/libpangocairo-1.0.so.0
0x00007f65386cb3d0  0x00007f65386cc369  Yes (*)     /usr/lib/x86_64-linux-gnu/libcairo-gobject.so.2
0x00007f65383c5c40  0x00007f6538487897  Yes (*)     /usr/lib/x86_64-linux-gnu/libcairo.so.2
0x00007f65381980b0  0x00007f65381aa9f9  Yes (*)     /usr/lib/x86_64-linux-gnu/libgdk_pixbuf-2.0.so.0
0x00007f6537f77780  0x00007f6537f83bc3  Yes (*)     /usr/lib/x86_64-linux-gnu/libatk-1.0.so.0
0x00007f6537d48730  0x00007f6537d5c929  Yes (*)     /usr/lib/x86_64-linux-gnu/libatk-bridge-2.0.so.0
0x00007f6537aa1f20  0x00007f6537ae3f76  Yes (*)     /usr/lib/x86_64-linux-gnu/libepoxy.so.0
0x00007f653783a1f0  0x00007f653784287d  Yes (*)     /usr/lib/x86_64-linux-gnu/libpangoft2-1.0.so.0
0x00007f65375f3ff0  0x00007f6537613396  Yes (*)     /usr/lib/x86_64-linux-gnu/libpango-1.0.so.0
0x00007f65373aad60  0x00007f65373ca02a  Yes (*)     /usr/lib/x86_64-linux-gnu/libfontconfig.so.1
0x00007f6537051880  0x00007f6537124e9b  Yes (*)     /usr/lib/x86_64-linux-gnu/libgio-2.0.so.0
0x00007f6536dd3f00  0x00007f6536e048f6  Yes (*)     /usr/lib/x86_64-linux-gnu/libgobject-2.0.so.0
0x00007f6536ad2860  0x00007f6536b497b9  Yes (*)     /lib/x86_64-linux-gnu/libglib-2.0.so.0
0x00007f65368b5c40  0x00007f65368b6618  Yes (*)     /usr/lib/x86_64-linux-gnu/libXcomposite.so.1
0x00007f65366b2b90  0x00007f65366b349b  Yes (*)     /usr/lib/x86_64-linux-gnu/libXdamage.so.1
0x00007f653642ff40  0x00007f65364840fd  Yes (*)     /usr/lib/x86_64-linux-gnu/libmirclient.so.9
0x00007f653616ec60  0x00007f65361de292  Yes (*)     /usr/lib/x86_64-linux-gnu/libfreetype.so.6
0x00007f6535ec2be0  0x00007f6535f47b30  Yes (*)     /usr/lib/x86_64-linux-gnu/libpixman-1.so.0
0x00007f6535c97a70  0x00007f6535cb0373  Yes (*)     /lib/x86_64-linux-gnu/libpng12.so.0
0x00007f6535a90db0  0x00007f6535a918c3  Yes (*)     /usr/lib/x86_64-linux-gnu/libxcb-shm.so.0
0x00007f6535889460  0x00007f653588c8da  Yes (*)     /usr/lib/x86_64-linux-gnu/libxcb-render.so.0
0x00007f6535664ee0  0x00007f6535676768  Yes (*)     /usr/lib/x86_64-linux-gnu/libatspi.so.0
0x00007f65353ff650  0x00007f653543a519  Yes (*)     /usr/lib/x86_64-linux-gnu/libharfbuzz.so.0
0x00007f65351f1b90  0x00007f65351f5455  Yes (*)     /usr/lib/x86_64-linux-gnu/libthai.so.0
0x00007f6534fcab00  0x00007f6534fe2c39  Yes (*)     /lib/x86_64-linux-gnu/libexpat.so.1
0x00007f6534d936f0  0x00007f6534db5901  Yes (*)     /usr/lib/x86_64-linux-gnu/libmircommon.so.7
0x00007f6534b31370  0x00007f6534b69c7e  Yes (*)     /usr/lib/x86_64-linux-gnu/libmirprotobuf.so.3
0x00007f65348aa120  0x00007f65348ef3ad  Yes (*)     /usr/lib/x86_64-linux-gnu/libcapnp-0.5.3.so
0x00007f653467f730  0x00007f65346829dd  Yes (*)     /usr/lib/x86_64-linux-gnu/libmircore.so.1
0x00007f6534479ff0  0x00007f653447ac66  Yes (*)     /usr/lib/x86_64-linux-gnu/libboost_system.so.1.58.0
0x00007f6534255420  0x00007f653426da06  Yes (*)     /usr/lib/x86_64-linux-gnu/libprotobuf-lite.so.9
0x00007f6533f4fd20  0x00007f6533ffbcc9  Yes (*)     /usr/lib/x86_64-linux-gnu/libstdc++.so.6
0x00007f6533cb2a70  0x00007f6533cc28b5  Yes (*)     /lib/x86_64-linux-gnu/libgcc_s.so.1
0x00007f6533a8c490  0x00007f6533aa8065  Yes (*)     /usr/lib/x86_64-linux-gnu/libgraphite2.so.3
0x00007f6533883130  0x00007f65338865bd  Yes (*)     /usr/lib/x86_64-linux-gnu/libdatrie.so.1
0x00007f6533670960  0x00007f653367d50f  Yes (*)     /usr/lib/x86_64-linux-gnu/libboost_filesystem.so.1.58.0
0x00007f653344dfc0  0x00007f653346192b  Yes (*)     /usr/lib/x86_64-linux-gnu/libkj-0.5.3.so
0x00007f6532e0fc10  0x00007f6532e29e26  Yes (*)     /usr/lib/x86_64-linux-gnu/gio/modules/libgvfsdbus.so
0x00007f6532bda5f0  0x00007f6532bf1076  Yes (*)     /usr/lib/x86_64-linux-gnu/gvfs/libgvfscommon.so
0x00007f65318a0e40  0x00007f65318a2cb9  Yes (*)     /usr/lib/x86_64-linux-gnu/gdk-pixbuf-2.0/2.10.0/loaders/libpixbufloader-png.so
0x00007f653158aee0  0x00007f65315cc825  Yes (*)     /usr/lib/x86_64-linux-gnu/libopenal.so.1
0x00007f65301f68e0  0x00007f6530236029  Yes (*)     /usr/lib/x86_64-linux-gnu/mesa/libGL.so.1
0x00007f651bdfbd00  0x00007f651bdfc4a3  Yes (*)     /usr/lib/x86_64-linux-gnu/libxcb-dri3.so.0
0x00007f651bbf8c00  0x00007f651bbf93d8  Yes (*)     /usr/lib/x86_64-linux-gnu/libxcb-present.so.0
0x00007f651b9f2ed0  0x00007f651b9f4e39  Yes (*)     /usr/lib/x86_64-linux-gnu/libxcb-sync.so.1
0x00007f651b7ee990  0x00007f651b7eec7c  Yes (*)     /usr/lib/x86_64-linux-gnu/libxshmfence.so.1
0x00007f651b5c79e0  0x00007f651b5d34c3  Yes (*)     /usr/lib/x86_64-linux-gnu/libglapi.so.0
0x00007f651b3bb5e0  0x00007f651b3bb6fb  Yes (*)     /usr/lib/x86_64-linux-gnu/libX11-xcb.so.1
0x00007f651b1abfe0  0x00007f651b1b3b75  Yes (*)     /usr/lib/x86_64-linux-gnu/libxcb-glx.so.0
0x00007f651af9e890  0x00007f651af9f9b5  Yes (*)     /usr/lib/x86_64-linux-gnu/libxcb-dri2.so.0
0x00007f651ad8f9d0  0x00007f651ad98440  Yes (*)     /usr/lib/x86_64-linux-gnu/libdrm.so.2
0x00007f6519f040c0  0x00007f651a6f23c9  Yes (*)     /usr/lib/x86_64-linux-gnu/dri/r300_dri.so
0x00007f6519c7f4d0  0x00007f6519c85e64  Yes (*)     /usr/lib/x86_64-linux-gnu/libsensors.so.4
0x00007f6519a766c0  0x00007f6519a7a57c  Yes (*)     /usr/lib/x86_64-linux-gnu/libdrm_nouveau.so.2
0x00007f651986a6d0  0x00007f6519871faf  Yes (*)     /usr/lib/x86_64-linux-gnu/libdrm_radeon.so.1
0x00007f6519661110  0x00007f6519665c37  Yes (*)     /usr/lib/x86_64-linux-gnu/libdrm_amdgpu.so.1
0x00007f6519449e60  0x00007f651945936c  Yes (*)     /usr/lib/x86_64-linux-gnu/libelf.so.1
0x00007f65110d70d0  0x00007f6512ddb45f  Yes (*)     /usr/lib/x86_64-linux-gnu/libLLVM-5.0.so.1
0x00007f65192199b0  0x00007f65192324e0  Yes (*)     /usr/lib/x86_64-linux-gnu/libedit.so.2
0x00007f6518ff2870  0x00007f6518ffe868  Yes (*)     /lib/x86_64-linux-gnu/libtinfo.so.5
0x00007f6518d31b30  0x00007f6518d60156  Yes (*)     /usr/lib/x86_64-linux-gnu/libfluidsynth.so.1
0x00007f6518ae24b0  0x00007f6518b06898  Yes (*)     /usr/lib/x86_64-linux-gnu/libjack.so.0
0x00007f65188d3620  0x00007f65188d48a8  Yes (*)     /usr/lib/x86_64-linux-gnu/libpulse-simple.so.0
0x00007f651869ef90  0x00007f65186c00e5  Yes (*)     /lib/x86_64-linux-gnu/libreadline.so.6
(*): Shared library is missing debugging information.

* Threads
  Id   Target Id         Frame 
* 1    Thread 0x7f6540cd0940 (LWP 5171) "gzdoom" 0x00007f6540658f7b in __waitpid (pid=5191, stat_loc=0x10831f4, options=0) at ../sysdeps/unix/sysv/linux/waitpid.c:29
  2    Thread 0x7f6532bc7700 (LWP 5172) "gmain" 0x00007f653f61870d in poll () at ../sysdeps/unix/syscall-template.S:84
  3    Thread 0x7f65323c6700 (LWP 5173) "gdbus" 0x00007f653f61870d in poll () at ../sysdeps/unix/syscall-template.S:84
  4    Thread 0x7f653157f700 (LWP 5177) "threaded-ml" 0x00007f653f61870d in poll () at ../sysdeps/unix/syscall-template.S:84
  5    Thread 0x7f6530c7d700 (LWP 5180) "radeon_cs:0" pthread_cond_wait@@GLIBC_2.3.2 () at ../sysdeps/unix/sysv/linux/x86_64/pthread_cond_wait.S:185
  6    Thread 0x7f650e420700 (LWP 5181) "gzdoom" pthread_cond_timedwait@@GLIBC_2.3.2 () at ../sysdeps/unix/sysv/linux/x86_64/pthread_cond_timedwait.S:225
  7    Thread 0x7f6530d7e700 (LWP 5182) "alsoft-mixer" pthread_cond_wait@@GLIBC_2.3.2 () at ../sysdeps/unix/sysv/linux/x86_64/pthread_cond_wait.S:143

* FPU Status
  R7: Empty   0x00000000000000000000
  R6: Empty   0x00000000000000000000
  R5: Empty   0x00000000000000000000
  R4: Empty   0x00000000000000000000
  R3: Empty   0x00000000000000000000
  R2: Empty   0x00000000000000000000
  R1: Empty   0x00000000000000000000
=>R0: Empty   0x00000000000000000000

Status Word:         0x0000                                            
                       TOP: 0
Control Word:        0x037f   IM DM ZM OM UM PM
                       PC: Extended Precision (64-bits)
                       RC: Round to nearest
Tag Word:            0xffff
Instruction Pointer: 0x00:0x00000000
Operand Pointer:     0x00:0x00000000
Opcode:              0x0000

* Registers
rax            0xfffffffffffffe00	-512
rbx            0x1447	5191
rcx            0x7f6540658f7b	140072848822139
rdx            0x0	0
rsi            0x10831f4	17314292
rdi            0x1447	5191
rbp            0x10831f4	0x10831f4
rsp            0x10831c0	0x10831c0
r8             0x0	0
r9             0x7f6540cd0940	140072855603520
r10            0x0	0
r11            0x246	582
r12            0x0	0
r13            0x1080560	17302880
r14            0x1090	4240
r15            0x1b	27
rip            0x7f6540658f7b	0x7f6540658f7b <__waitpid+107>
eflags         0x246	[ PF ZF IF ]
cs             0x33	51
ss             0x2b	43
ds             0x0	0
es             0x0	0
fs             0x0	0
gs             0x0	0

* Backtrace

Thread 7 (Thread 0x7f6530d7e700 (LWP 5182)):
#0  pthread_cond_wait@@GLIBC_2.3.2 () at ../sysdeps/unix/sysv/linux/x86_64/pthread_cond_wait.S:143
No locals.
#1  0x00007f653efffe48 in pa_threaded_mainloop_wait () from /usr/lib/x86_64-linux-gnu/libpulse.so.0
No symbol table info available.
#2  0x00007f65315c8a69 in ?? () from /usr/lib/x86_64-linux-gnu/libopenal.so.1
No symbol table info available.
#3  0x00007f65315cbf27 in ?? () from /usr/lib/x86_64-linux-gnu/libopenal.so.1
No symbol table info available.
#4  0x00007f654064f6ba in start_thread (arg=0x7f6530d7e700) at pthread_create.c:333
        __res = <optimized out>
        pd = 0x7f6530d7e700
        now = <optimized out>
        unwind_buf = {cancel_jmp_buf = {{jmp_buf = {140072587880192, 651054725027399073, 0, 140721415372015, 1048576, 47544528, -593521337010944607, -593487672293259871}, mask_was_saved = 0}}, priv = {pad = {0x0, 0x0, 0x0, 0x0}, data = {prev = 0x0, cleanup = 0x0, canceltype = 0}}}
        not_first_call = <optimized out>
        pagesize_m1 = <optimized out>
        sp = <optimized out>
        freesize = <optimized out>
        __PRETTY_FUNCTION__ = "start_thread"
#5  0x00007f653f6243dd in clone () at ../sysdeps/unix/sysv/linux/x86_64/clone.S:109
No locals.

Thread 6 (Thread 0x7f650e420700 (LWP 5181)):
#0  pthread_cond_timedwait@@GLIBC_2.3.2 () at ../sysdeps/unix/sysv/linux/x86_64/pthread_cond_timedwait.S:225
No locals.
#1  0x000000000071cc90 in OpenALSoundRenderer::BackgroundProc() ()
No symbol table info available.
#2  0x0000000000ceddbf in ?? ()
No symbol table info available.
#3  0x00007f654064f6ba in start_thread (arg=0x7f650e420700) at pthread_create.c:333
        __res = <optimized out>
        pd = 0x7f650e420700
        now = <optimized out>
        unwind_buf = {cancel_jmp_buf = {{jmp_buf = {140072007632640, 651054725027399073, 0, 140721415366751, 140072007633344, 52108128, -593597391218080351, -593487672293259871}, mask_was_saved = 0}}, priv = {pad = {0x0, 0x0, 0x0, 0x0}, data = {prev = 0x0, cleanup = 0x0, canceltype = 0}}}
        not_first_call = <optimized out>
        pagesize_m1 = <optimized out>
        sp = <optimized out>
        freesize = <optimized out>
        __PRETTY_FUNCTION__ = "start_thread"
#4  0x00007f653f6243dd in clone () at ../sysdeps/unix/sysv/linux/x86_64/clone.S:109
No locals.

Thread 5 (Thread 0x7f6530c7d700 (LWP 5180)):
#0  pthread_cond_wait@@GLIBC_2.3.2 () at ../sysdeps/unix/sysv/linux/x86_64/pthread_cond_wait.S:185
No locals.
#1  0x00007f651a1e5dbb in ?? () from /usr/lib/x86_64-linux-gnu/dri/r300_dri.so
No symbol table info available.
#2  0x00007f651a1e5cd8 in ?? () from /usr/lib/x86_64-linux-gnu/dri/r300_dri.so
No symbol table info available.
#3  0x00007f654064f6ba in start_thread (arg=0x7f6530c7d700) at pthread_create.c:333
        __res = <optimized out>
        pd = 0x7f6530c7d700
        now = <optimized out>
        unwind_buf = {cancel_jmp_buf = {{jmp_buf = {140072586827520, 651054725027399073, 0, 140721415369263, 8388608, 66857904, -593521473913027167, -593487672293259871}, mask_was_saved = 0}}, priv = {pad = {0x0, 0x0, 0x0, 0x0}, data = {prev = 0x0, cleanup = 0x0, canceltype = 0}}}
        not_first_call = <optimized out>
        pagesize_m1 = <optimized out>
        sp = <optimized out>
        freesize = <optimized out>
        __PRETTY_FUNCTION__ = "start_thread"
#4  0x00007f653f6243dd in clone () at ../sysdeps/unix/sysv/linux/x86_64/clone.S:109
No locals.

Thread 4 (Thread 0x7f653157f700 (LWP 5177)):
#0  0x00007f653f61870d in poll () at ../sysdeps/unix/syscall-template.S:84
No locals.
#1  0x00007f653efff861 in ?? () from /usr/lib/x86_64-linux-gnu/libpulse.so.0
No symbol table info available.
#2  0x00007f653eff0e11 in pa_mainloop_poll () from /usr/lib/x86_64-linux-gnu/libpulse.so.0
No symbol table info available.
#3  0x00007f653eff14ae in pa_mainloop_iterate () from /usr/lib/x86_64-linux-gnu/libpulse.so.0
No symbol table info available.
#4  0x00007f653eff1560 in pa_mainloop_run () from /usr/lib/x86_64-linux-gnu/libpulse.so.0
No symbol table info available.
#5  0x00007f653efff7a9 in ?? () from /usr/lib/x86_64-linux-gnu/libpulse.so.0
No symbol table info available.
#6  0x00007f653cfb1078 in ?? () from /usr/lib/x86_64-linux-gnu/pulseaudio/libpulsecommon-8.0.so
No symbol table info available.
#7  0x00007f654064f6ba in start_thread (arg=0x7f653157f700) at pthread_create.c:333
        __res = <optimized out>
        pd = 0x7f653157f700
        now = <optimized out>
        unwind_buf = {cancel_jmp_buf = {{jmp_buf = {140072596272896, 651054725027399073, 0, 140721415372063, 8388608, 47522528, -593524633935215199, -593487672293259871}, mask_was_saved = 0}}, priv = {pad = {0x0, 0x0, 0x0, 0x0}, data = {prev = 0x0, cleanup = 0x0, canceltype = 0}}}
        not_first_call = <optimized out>
        pagesize_m1 = <optimized out>
        sp = <optimized out>
        freesize = <optimized out>
        __PRETTY_FUNCTION__ = "start_thread"
#8  0x00007f653f6243dd in clone () at ../sysdeps/unix/sysv/linux/x86_64/clone.S:109
No locals.

Thread 3 (Thread 0x7f65323c6700 (LWP 5173)):
#0  0x00007f653f61870d in poll () at ../sysdeps/unix/syscall-template.S:84
No locals.
#1  0x00007f6536b0238c in ?? () from /lib/x86_64-linux-gnu/libglib-2.0.so.0
No symbol table info available.
#2  0x00007f6536b02712 in g_main_loop_run () from /lib/x86_64-linux-gnu/libglib-2.0.so.0
No symbol table info available.
#3  0x00007f65371009d6 in ?? () from /usr/lib/x86_64-linux-gnu/libgio-2.0.so.0
No symbol table info available.
#4  0x00007f6536b28bb5 in ?? () from /lib/x86_64-linux-gnu/libglib-2.0.so.0
No symbol table info available.
#5  0x00007f654064f6ba in start_thread (arg=0x7f65323c6700) at pthread_create.c:333
        __res = <optimized out>
        pd = 0x7f65323c6700
        now = <optimized out>
        unwind_buf = {cancel_jmp_buf = {{jmp_buf = {140072611243776, 651054725027399073, 0, 140721415367855, 140072611244480, 43538080, -593517845202532959, -593487672293259871}, mask_was_saved = 0}}, priv = {pad = {0x0, 0x0, 0x0, 0x0}, data = {prev = 0x0, cleanup = 0x0, canceltype = 0}}}
        not_first_call = <optimized out>
        pagesize_m1 = <optimized out>
        sp = <optimized out>
        freesize = <optimized out>
        __PRETTY_FUNCTION__ = "start_thread"
#6  0x00007f653f6243dd in clone () at ../sysdeps/unix/sysv/linux/x86_64/clone.S:109
No locals.

Thread 2 (Thread 0x7f6532bc7700 (LWP 5172)):
#0  0x00007f653f61870d in poll () at ../sysdeps/unix/syscall-template.S:84
No locals.
#1  0x00007f6536b0238c in ?? () from /lib/x86_64-linux-gnu/libglib-2.0.so.0
No symbol table info available.
#2  0x00007f6536b0249c in g_main_context_iteration () from /lib/x86_64-linux-gnu/libglib-2.0.so.0
No symbol table info available.
#3  0x00007f6536b024d9 in ?? () from /lib/x86_64-linux-gnu/libglib-2.0.so.0
No symbol table info available.
#4  0x00007f6536b28bb5 in ?? () from /lib/x86_64-linux-gnu/libglib-2.0.so.0
No symbol table info available.
#5  0x00007f654064f6ba in start_thread (arg=0x7f6532bc7700) at pthread_create.c:333
        __res = <optimized out>
        pd = 0x7f6532bc7700
        now = <optimized out>
        unwind_buf = {cancel_jmp_buf = {{jmp_buf = {140072619636480, 651054725027399073, 0, 140721415367503, 140072619637184, 0, -593516744080292447, -593487672293259871}, mask_was_saved = 0}}, priv = {pad = {0x0, 0x0, 0x0, 0x0}, data = {prev = 0x0, cleanup = 0x0, canceltype = 0}}}
        not_first_call = <optimized out>
        pagesize_m1 = <optimized out>
        sp = <optimized out>
        freesize = <optimized out>
        __PRETTY_FUNCTION__ = "start_thread"
#6  0x00007f653f6243dd in clone () at ../sysdeps/unix/sysv/linux/x86_64/clone.S:109
No locals.

Thread 1 (Thread 0x7f6540cd0940 (LWP 5171)):
#0  0x00007f6540658f7b in __waitpid (pid=5191, stat_loc=0x10831f4, options=0) at ../sysdeps/unix/sysv/linux/waitpid.c:29
        resultvar = 18446744073709551104
        sc_cancel_oldtype = 0
#1  0x0000000000554fde in ?? ()
No symbol table info available.
#2  <signal handler called>
No locals.
#3  0x0000000000971b4d in P_LoadGLZSegs(FileReaderBase&, int) ()
No symbol table info available.
#4  0x000000000097223b in LoadZNodes(FileReaderBase&, int) ()
No symbol table info available.
#5  0x000000000097b4a5 in P_SetupLevel(char const*, int) ()
No symbol table info available.
#6  0x0000000000871543 in G_DoLoadLevel(int, bool) ()
No symbol table info available.
#7  0x0000000000871ddf in G_DoNewGame() ()
No symbol table info available.
#8  0x000000000086d134 in G_Ticker() ()
No symbol table info available.
#9  0x0000000000837b3a in TryRunTics() ()
No symbol table info available.
#10 0x000000000082e778 in D_DoomLoop() ()
No symbol table info available.
#11 0x000000000082fe86 in D_DoomMain() ()
No symbol table info available.
#12 0x0000000000540ef2 in main ()
No symbol table info available.
